This is XeTeX, Version 3.141592653-2.6-0.999996 (TeX Live 2024) (preloaded format=xelatex 2024.4.1)  23 SEP 2024 19:55
entering extended mode
 restricted \write18 enabled.
 %&-line parsing enabled.
**bookdown-demo.tex
(./bookdown-demo.tex
LaTeX2e <2023-11-01> patch level 1
L3 programming layer <2024-03-14>
(/Users/robertoalvarez/Library/TinyTeX/texmf-dist/tex/latex/base/book.cls
Document Class: book 2023/05/17 v1.4n Standard LaTeX document class
(/Users/robertoalvarez/Library/TinyTeX/texmf-dist/tex/latex/base/bk10.clo
File: bk10.clo 2023/05/17 v1.4n Standard LaTeX file (size option)
)
\c@part=\count184
\c@chapter=\count185
\c@section=\count186
\c@subsection=\count187
\c@subsubsection=\count188
\c@paragraph=\count189
\c@subparagraph=\count190
\c@figure=\count191
\c@table=\count192
\abovecaptionskip=\skip48
\belowcaptionskip=\skip49
\bibindent=\dimen140
) (/Users/robertoalvarez/Library/TinyTeX/texmf-dist/tex/latex/amsmath/amsmath.sty
Package: amsmath 2023/05/13 v2.17o AMS math features
\@mathmargin=\skip50
For additional information on amsmath, use the `?' option.
(/Users/robertoalvarez/Library/TinyTeX/texmf-dist/tex/latex/amsmath/amstext.sty
Package: amstext 2021/08/26 v2.01 AMS text
(/Users/robertoalvarez/Library/TinyTeX/texmf-dist/tex/latex/amsmath/amsgen.sty
File: amsgen.sty 1999/11/30 v2.0 generic functions
\@emptytoks=\toks17
\ex@=\dimen141
)) (/Users/robertoalvarez/Library/TinyTeX/texmf-dist/tex/latex/amsmath/amsbsy.sty
Package: amsbsy 1999/11/29 v1.2d Bold Symbols
\pmbraise@=\dimen142
) (/Users/robertoalvarez/Library/TinyTeX/texmf-dist/tex/latex/amsmath/amsopn.sty
Package: amsopn 2022/04/08 v2.04 operator names
)
\inf@bad=\count193
LaTeX Info: Redefining \frac on input line 234.
\uproot@=\count194
\leftroot@=\count195
LaTeX Info: Redefining \overline on input line 399.
LaTeX Info: Redefining \colon on input line 410.
\classnum@=\count196
\DOTSCASE@=\count197
LaTeX Info: Redefining \ldots on input line 496.
LaTeX Info: Redefining \dots on input line 499.
LaTeX Info: Redefining \cdots on input line 620.
\Mathstrutbox@=\box51
\strutbox@=\box52
LaTeX Info: Redefining \big on input line 722.
LaTeX Info: Redefining \Big on input line 723.
LaTeX Info: Redefining \bigg on input line 724.
LaTeX Info: Redefining \Bigg on input line 725.
\big@size=\dimen143
LaTeX Font Info:    Redeclaring font encoding OML on input line 743.
LaTeX Font Info:    Redeclaring font encoding OMS on input line 744.
\macc@depth=\count198
LaTeX Info: Redefining \bmod on input line 905.
LaTeX Info: Redefining \pmod on input line 910.
LaTeX Info: Redefining \smash on input line 940.
LaTeX Info: Redefining \relbar on input line 970.
LaTeX Info: Redefining \Relbar on input line 971.
\c@MaxMatrixCols=\count199
\dotsspace@=\muskip16
\c@parentequation=\count266
\dspbrk@lvl=\count267
\tag@help=\toks18
\row@=\count268
\column@=\count269
\maxfields@=\count270
\andhelp@=\toks19
\eqnshift@=\dimen144
\alignsep@=\dimen145
\tagshift@=\dimen146
\tagwidth@=\dimen147
\totwidth@=\dimen148
\lineht@=\dimen149
\@envbody=\toks20
\multlinegap=\skip51
\multlinetaggap=\skip52
\mathdisplay@stack=\toks21
LaTeX Info: Redefining \[ on input line 2953.
LaTeX Info: Redefining \] on input line 2954.
) (/Users/robertoalvarez/Library/TinyTeX/texmf-dist/tex/latex/amsfonts/amssymb.sty
Package: amssymb 2013/01/14 v3.01 AMS font symbols
(/Users/robertoalvarez/Library/TinyTeX/texmf-dist/tex/latex/amsfonts/amsfonts.sty
Package: amsfonts 2013/01/14 v3.01 Basic AMSFonts support
\symAMSa=\mathgroup4
\symAMSb=\mathgroup5
LaTeX Font Info:    Redeclaring math symbol \hbar on input line 98.
LaTeX Font Info:    Overwriting math alphabet `\mathfrak' in version `bold'
(Font)                  U/euf/m/n --> U/euf/b/n on input line 106.
)) (/Users/robertoalvarez/Library/TinyTeX/texmf-dist/tex/generic/iftex/iftex.sty
Package: iftex 2022/02/03 v1.0f TeX engine tests
) (/Users/robertoalvarez/Library/TinyTeX/texmf-dist/tex/latex/unicode-math/unicode-math.sty (/Users/robertoalvarez/Library/TinyTeX/texmf-dist/tex/latex/l3kernel/expl3.sty
Package: expl3 2024-03-14 L3 programming layer (loader) 
(/Users/robertoalvarez/Library/TinyTeX/texmf-dist/tex/latex/l3backend/l3backend-xetex.def
File: l3backend-xetex.def 2024-03-14 L3 backend support: XeTeX
\g__graphics_track_int=\count271
\l__pdf_internal_box=\box53
\g__pdf_backend_object_int=\count272
\g__pdf_backend_annotation_int=\count273
\g__pdf_backend_link_int=\count274
))
Package: unicode-math 2023/08/13 v0.8r Unicode maths in XeLaTeX and LuaLaTeX
(/Users/robertoalvarez/Library/TinyTeX/texmf-dist/tex/latex/unicode-math/unicode-math-xetex.sty
Package: unicode-math-xetex 2023/08/13 v0.8r Unicode maths in XeLaTeX and LuaLaTeX
(/Users/robertoalvarez/Library/TinyTeX/texmf-dist/tex/latex/l3packages/xparse/xparse.sty
Package: xparse 2024-03-14 L3 Experimental document command parser
) (/Users/robertoalvarez/Library/TinyTeX/texmf-dist/tex/latex/l3packages/l3keys2e/l3keys2e.sty
Package: l3keys2e 2024-03-14 LaTeX2e option processing using LaTeX3 keys
) (/Users/robertoalvarez/Library/TinyTeX/texmf-dist/tex/latex/fontspec/fontspec.sty
Package: fontspec 2024/02/13 v2.9a Font selection for XeLaTeX and LuaLaTeX
(/Users/robertoalvarez/Library/TinyTeX/texmf-dist/tex/latex/fontspec/fontspec-xetex.sty
Package: fontspec-xetex 2024/02/13 v2.9a Font selection for XeLaTeX and LuaLaTeX
\l__fontspec_script_int=\count275
\l__fontspec_language_int=\count276
\l__fontspec_strnum_int=\count277
\l__fontspec_tmp_int=\count278
\l__fontspec_tmpa_int=\count279
\l__fontspec_tmpb_int=\count280
\l__fontspec_tmpc_int=\count281
\l__fontspec_em_int=\count282
\l__fontspec_emdef_int=\count283
\l__fontspec_strong_int=\count284
\l__fontspec_strongdef_int=\count285
\l__fontspec_tmpa_dim=\dimen150
\l__fontspec_tmpb_dim=\dimen151
\l__fontspec_tmpc_dim=\dimen152
(/Users/robertoalvarez/Library/TinyTeX/texmf-dist/tex/latex/base/fontenc.sty
Package: fontenc 2021/04/29 v2.0v Standard LaTeX package
) (/Users/robertoalvarez/Library/TinyTeX/texmf-dist/tex/latex/fontspec/fontspec.cfg))) (/Users/robertoalvarez/Library/TinyTeX/texmf-dist/tex/latex/base/fix-cm.sty
Package: fix-cm 2020/11/24 v1.1t fixes to LaTeX
(/Users/robertoalvarez/Library/TinyTeX/texmf-dist/tex/latex/base/ts1enc.def
File: ts1enc.def 2001/06/05 v3.0e (jk/car/fm) Standard LaTeX file
LaTeX Font Info:    Redeclaring font encoding TS1 on input line 47.
))
\g__um_fam_int=\count286
\g__um_fonts_used_int=\count287
\l__um_primecount_int=\count288
\g__um_primekern_muskip=\muskip17
(/Users/robertoalvarez/Library/TinyTeX/texmf-dist/tex/latex/unicode-math/unicode-math-table.tex))) (/Users/robertoalvarez/Library/TinyTeX/texmf-dist/tex/latex/lm/lmodern.sty
Package: lmodern 2015/05/01 v1.6.1 Latin Modern Fonts
LaTeX Font Info:    Overwriting symbol font `operators' in version `normal'
(Font)                  OT1/cmr/m/n --> OT1/lmr/m/n on input line 22.
LaTeX Font Info:    Overwriting symbol font `letters' in version `normal'
(Font)                  OML/cmm/m/it --> OML/lmm/m/it on input line 23.
LaTeX Font Info:    Overwriting symbol font `symbols' in version `normal'
(Font)                  OMS/cmsy/m/n --> OMS/lmsy/m/n on input line 24.
LaTeX Font Info:    Overwriting symbol font `largesymbols' in version `normal'
(Font)                  OMX/cmex/m/n --> OMX/lmex/m/n on input line 25.
LaTeX Font Info:    Overwriting symbol font `operators' in version `bold'
(Font)                  OT1/cmr/bx/n --> OT1/lmr/bx/n on input line 26.
LaTeX Font Info:    Overwriting symbol font `letters' in version `bold'
(Font)                  OML/cmm/b/it --> OML/lmm/b/it on input line 27.
LaTeX Font Info:    Overwriting symbol font `symbols' in version `bold'
(Font)                  OMS/cmsy/b/n --> OMS/lmsy/b/n on input line 28.
LaTeX Font Info:    Overwriting symbol font `largesymbols' in version `bold'
(Font)                  OMX/cmex/m/n --> OMX/lmex/m/n on input line 29.
LaTeX Font Info:    Overwriting math alphabet `\mathbf' in version `normal'
(Font)                  OT1/cmr/bx/n --> OT1/lmr/bx/n on input line 31.
LaTeX Font Info:    Overwriting math alphabet `\mathsf' in version `normal'
(Font)                  OT1/cmss/m/n --> OT1/lmss/m/n on input line 32.
LaTeX Font Info:    Overwriting math alphabet `\mathit' in version `normal'
(Font)                  OT1/cmr/m/it --> OT1/lmr/m/it on input line 33.
LaTeX Font Info:    Overwriting math alphabet `\mathtt' in version `normal'
(Font)                  OT1/cmtt/m/n --> OT1/lmtt/m/n on input line 34.
LaTeX Font Info:    Overwriting math alphabet `\mathbf' in version `bold'
(Font)                  OT1/cmr/bx/n --> OT1/lmr/bx/n on input line 35.
LaTeX Font Info:    Overwriting math alphabet `\mathsf' in version `bold'
(Font)                  OT1/cmss/bx/n --> OT1/lmss/bx/n on input line 36.
LaTeX Font Info:    Overwriting math alphabet `\mathit' in version `bold'
(Font)                  OT1/cmr/bx/it --> OT1/lmr/bx/it on input line 37.
LaTeX Font Info:    Overwriting math alphabet `\mathtt' in version `bold'
(Font)                  OT1/cmtt/m/n --> OT1/lmtt/m/n on input line 38.
) (/Users/robertoalvarez/Library/TinyTeX/texmf-dist/tex/latex/upquote/upquote.sty
Package: upquote 2012/04/19 v1.3 upright-quote and grave-accent glyphs in verbatim
(/Users/robertoalvarez/Library/TinyTeX/texmf-dist/tex/latex/base/textcomp.sty
Package: textcomp 2020/02/02 v2.0n Standard LaTeX package
)) (/Users/robertoalvarez/Library/TinyTeX/texmf-dist/tex/latex/microtype/microtype.sty
Package: microtype 2024/03/29 v3.1b Micro-typographical refinements (RS)
(/Users/robertoalvarez/Library/TinyTeX/texmf-dist/tex/latex/graphics/keyval.sty
Package: keyval 2022/05/29 v1.15 key=value parser (DPC)
\KV@toks@=\toks22
) (/Users/robertoalvarez/Library/TinyTeX/texmf-dist/tex/latex/etoolbox/etoolbox.sty
Package: etoolbox 2020/10/05 v2.5k e-TeX tools for LaTeX (JAW)
\etb@tempcnta=\count289
)
\MT@toks=\toks23
\MT@tempbox=\box54
\MT@count=\count290
LaTeX Info: Redefining \noprotrusionifhmode on input line 1061.
LaTeX Info: Redefining \leftprotrusion on input line 1062.
\MT@prot@toks=\toks24
LaTeX Info: Redefining \rightprotrusion on input line 1081.
LaTeX Info: Redefining \textls on input line 1392.
\MT@outer@kern=\dimen153
LaTeX Info: Redefining \textmicrotypecontext on input line 2013.
\MT@listname@count=\count291
(/Users/robertoalvarez/Library/TinyTeX/texmf-dist/tex/latex/microtype/microtype-xetex.def
File: microtype-xetex.def 2024/03/29 v3.1b Definitions specific to xetex (RS)
LaTeX Info: Redefining \lsstyle on input line 238.
)
Package microtype Info: Loading configuration file microtype.cfg.
(/Users/robertoalvarez/Library/TinyTeX/texmf-dist/tex/latex/microtype/microtype.cfg
File: microtype.cfg 2024/03/29 v3.1b microtype main configuration file (RS)
)) (/Users/robertoalvarez/Library/TinyTeX/texmf-dist/tex/latex/parskip/parskip.sty
Package: parskip 2021-03-14 v2.0h non-zero parskip adjustments
(/Users/robertoalvarez/Library/TinyTeX/texmf-dist/tex/latex/kvoptions/kvoptions.sty
Package: kvoptions 2022-06-15 v3.15 Key value format for package options (HO)
(/Users/robertoalvarez/Library/TinyTeX/texmf-dist/tex/generic/ltxcmds/ltxcmds.sty
Package: ltxcmds 2023-12-04 v1.26 LaTeX kernel commands for general use (HO)
) (/Users/robertoalvarez/Library/TinyTeX/texmf-dist/tex/latex/kvsetkeys/kvsetkeys.sty
Package: kvsetkeys 2022-10-05 v1.19 Key value parser (HO)
))) (/Users/robertoalvarez/Library/TinyTeX/texmf-dist/tex/latex/xcolor/xcolor.sty
Package: xcolor 2023/11/15 v3.01 LaTeX color extensions (UK)
(/Users/robertoalvarez/Library/TinyTeX/texmf-dist/tex/latex/graphics-cfg/color.cfg
File: color.cfg 2016/01/02 v1.6 sample color configuration
)
Package xcolor Info: Driver file: xetex.def on input line 274.
(/Users/robertoalvarez/Library/TinyTeX/texmf-dist/tex/latex/graphics-def/xetex.def
File: xetex.def 2022/09/22 v5.0n Graphics/color driver for xetex
) (/Users/robertoalvarez/Library/TinyTeX/texmf-dist/tex/latex/graphics/mathcolor.ltx)
Package xcolor Info: Model `cmy' substituted by `cmy0' on input line 1350.
Package xcolor Info: Model `RGB' extended on input line 1366.
Package xcolor Info: Model `HTML' substituted by `rgb' on input line 1368.
Package xcolor Info: Model `Hsb' substituted by `hsb' on input line 1369.
Package xcolor Info: Model `tHsb' substituted by `hsb' on input line 1370.
Package xcolor Info: Model `HSB' substituted by `hsb' on input line 1371.
Package xcolor Info: Model `Gray' substituted by `gray' on input line 1372.
Package xcolor Info: Model `wave' substituted by `hsb' on input line 1373.
) (/Users/robertoalvarez/Library/TinyTeX/texmf-dist/tex/latex/fancyvrb/fancyvrb.sty
Package: fancyvrb 2024/01/20 4.5c verbatim text (tvz,hv)
\FV@CodeLineNo=\count292
\FV@InFile=\read2
\FV@TabBox=\box55
\c@FancyVerbLine=\count293
\FV@StepNumber=\count294
\FV@OutFile=\write3
) (/Users/robertoalvarez/Library/TinyTeX/texmf-dist/tex/latex/framed/framed.sty
Package: framed 2011/10/22 v 0.96: framed or shaded text with page breaks
\OuterFrameSep=\skip53
\fb@frw=\dimen154
\fb@frh=\dimen155
\FrameRule=\dimen156
\FrameSep=\dimen157
) (/Users/robertoalvarez/Library/TinyTeX/texmf-dist/tex/latex/tools/longtable.sty
Package: longtable 2023-11-01 v4.19 Multi-page Table package (DPC)
\LTleft=\skip54
\LTright=\skip55
\LTpre=\skip56
\LTpost=\skip57
\LTchunksize=\count295
\LTcapwidth=\dimen158
\LT@head=\box56
\LT@firsthead=\box57
\LT@foot=\box58
\LT@lastfoot=\box59
\LT@gbox=\box60
\LT@cols=\count296
\LT@rows=\count297
\c@LT@tables=\count298
\c@LT@chunks=\count299
\LT@p@ftn=\toks25
) (/Users/robertoalvarez/Library/TinyTeX/texmf-dist/tex/latex/booktabs/booktabs.sty
Package: booktabs 2020/01/12 v1.61803398 Publication quality tables
\heavyrulewidth=\dimen159
\lightrulewidth=\dimen160
\cmidrulewidth=\dimen161
\belowrulesep=\dimen162
\belowbottomsep=\dimen163
\aboverulesep=\dimen164
\abovetopsep=\dimen165
\cmidrulesep=\dimen166
\cmidrulekern=\dimen167
\defaultaddspace=\dimen168
\@cmidla=\count300
\@cmidlb=\count301
\@aboverulesep=\dimen169
\@belowrulesep=\dimen170
\@thisruleclass=\count302
\@lastruleclass=\count303
\@thisrulewidth=\dimen171
) (/Users/robertoalvarez/Library/TinyTeX/texmf-dist/tex/latex/tools/array.sty
Package: array 2023/10/16 v2.5g Tabular extension package (FMi)
\col@sep=\dimen172
\ar@mcellbox=\box61
\extrarowheight=\dimen173
\NC@list=\toks26
\extratabsurround=\skip58
\backup@length=\skip59
\ar@cellbox=\box62
) (/Users/robertoalvarez/Library/TinyTeX/texmf-dist/tex/latex/tools/calc.sty
Package: calc 2023/07/08 v4.3 Infix arithmetic (KKT,FJ)
\calc@Acount=\count304
\calc@Bcount=\count305
\calc@Adimen=\dimen174
\calc@Bdimen=\dimen175
\calc@Askip=\skip60
\calc@Bskip=\skip61
LaTeX Info: Redefining \setlength on input line 80.
LaTeX Info: Redefining \addtolength on input line 81.
\calc@Ccount=\count306
\calc@Cskip=\skip62
) (/Users/robertoalvarez/Library/TinyTeX/texmf-dist/tex/latex/mdwtools/footnote.sty
Package: footnote 1997/01/28 1.13 Save footnotes around boxes
\fn@notes=\box63
\fn@width=\dimen176
) (/Users/robertoalvarez/Library/TinyTeX/texmf-dist/tex/latex/graphics/graphicx.sty
Package: graphicx 2021/09/16 v1.2d Enhanced LaTeX Graphics (DPC,SPQR)
(/Users/robertoalvarez/Library/TinyTeX/texmf-dist/tex/latex/graphics/graphics.sty
Package: graphics 2022/03/10 v1.4e Standard LaTeX Graphics (DPC,SPQR)
(/Users/robertoalvarez/Library/TinyTeX/texmf-dist/tex/latex/graphics/trig.sty
Package: trig 2021/08/11 v1.11 sin cos tan (DPC)
) (/Users/robertoalvarez/Library/TinyTeX/texmf-dist/tex/latex/graphics-cfg/graphics.cfg
File: graphics.cfg 2016/06/04 v1.11 sample graphics configuration
)
Package graphics Info: Driver file: xetex.def on input line 107.
)
\Gin@req@height=\dimen177
\Gin@req@width=\dimen178
) (/Users/robertoalvarez/Library/TinyTeX/texmf-dist/tex/latex/amscls/amsthm.sty
Package: amsthm 2020/05/29 v2.20.6
\thm@style=\toks27
\thm@bodyfont=\toks28
\thm@headfont=\toks29
\thm@notefont=\toks30
\thm@headpunct=\toks31
\thm@preskip=\skip63
\thm@postskip=\skip64
\thm@headsep=\skip65
\dth@everypar=\toks32
) (/Users/robertoalvarez/Library/TinyTeX/texmf-dist/tex/latex/natbib/natbib.sty
Package: natbib 2010/09/13 8.31b (PWD, AO)
\bibhang=\skip66
\bibsep=\skip67
LaTeX Info: Redefining \cite on input line 694.
\c@NAT@ctr=\count307
)
\citation{*}
(/Users/robertoalvarez/Library/TinyTeX/texmf-dist/tex/latex/bookmark/bookmark.sty
Package: bookmark 2023-12-10 v1.31 PDF bookmarks (HO)
(/Users/robertoalvarez/Library/TinyTeX/texmf-dist/tex/latex/hyperref/hyperref.sty
Package: hyperref 2024-01-20 v7.01h Hypertext links for LaTeX
(/Users/robertoalvarez/Library/TinyTeX/texmf-dist/tex/generic/kvdefinekeys/kvdefinekeys.sty
Package: kvdefinekeys 2019-12-19 v1.6 Define keys (HO)
) (/Users/robertoalvarez/Library/TinyTeX/texmf-dist/tex/generic/pdfescape/pdfescape.sty
Package: pdfescape 2019/12/09 v1.15 Implements pdfTeX's escape features (HO)
(/Users/robertoalvarez/Library/TinyTeX/texmf-dist/tex/generic/pdftexcmds/pdftexcmds.sty
Package: pdftexcmds 2020-06-27 v0.33 Utility functions of pdfTeX for LuaTeX (HO)
(/Users/robertoalvarez/Library/TinyTeX/texmf-dist/tex/generic/infwarerr/infwarerr.sty
Package: infwarerr 2019/12/03 v1.5 Providing info/warning/error messages (HO)
)
Package pdftexcmds Info: \pdf@primitive is available.
Package pdftexcmds Info: \pdf@ifprimitive is available.
Package pdftexcmds Info: \pdfdraftmode not found.
)) (/Users/robertoalvarez/Library/TinyTeX/texmf-dist/tex/latex/hycolor/hycolor.sty
Package: hycolor 2020-01-27 v1.10 Color options for hyperref/bookmark (HO)
) (/Users/robertoalvarez/Library/TinyTeX/texmf-dist/tex/latex/auxhook/auxhook.sty
Package: auxhook 2019-12-17 v1.6 Hooks for auxiliary files (HO)
) (/Users/robertoalvarez/Library/TinyTeX/texmf-dist/tex/latex/hyperref/nameref.sty
Package: nameref 2023-11-26 v2.56 Cross-referencing by name of section
(/Users/robertoalvarez/Library/TinyTeX/texmf-dist/tex/latex/refcount/refcount.sty
Package: refcount 2019/12/15 v3.6 Data extraction from label references (HO)
) (/Users/robertoalvarez/Library/TinyTeX/texmf-dist/tex/generic/gettitlestring/gettitlestring.sty
Package: gettitlestring 2019/12/15 v1.6 Cleanup title references (HO)
)
\c@section@level=\count308
)
\@linkdim=\dimen179
\Hy@linkcounter=\count309
\Hy@pagecounter=\count310
(/Users/robertoalvarez/Library/TinyTeX/texmf-dist/tex/latex/hyperref/pd1enc.def
File: pd1enc.def 2024-01-20 v7.01h Hyperref: PDFDocEncoding definition (HO)
) (/Users/robertoalvarez/Library/TinyTeX/texmf-dist/tex/generic/intcalc/intcalc.sty
Package: intcalc 2019/12/15 v1.3 Expandable calculations with integers (HO)
)
\Hy@SavedSpaceFactor=\count311
(/Users/robertoalvarez/Library/TinyTeX/texmf-dist/tex/latex/hyperref/puenc.def
File: puenc.def 2024-01-20 v7.01h Hyperref: PDF Unicode definition (HO)
)
Package hyperref Info: Option `unicode' set `true' on input line 4062.
Package hyperref Info: Hyper figures OFF on input line 4179.
Package hyperref Info: Link nesting OFF on input line 4184.
Package hyperref Info: Hyper index ON on input line 4187.
Package hyperref Info: Plain pages OFF on input line 4194.
Package hyperref Info: Backreferencing OFF on input line 4199.
Package hyperref Info: Implicit mode ON; LaTeX internals redefined.
Package hyperref Info: Bookmarks ON on input line 4446.
\c@Hy@tempcnt=\count312
(/Users/robertoalvarez/Library/TinyTeX/texmf-dist/tex/latex/url/url.sty
\Urlmuskip=\muskip18
Package: url 2013/09/16  ver 3.4  Verb mode for urls, etc.
)
LaTeX Info: Redefining \url on input line 4784.
\XeTeXLinkMargin=\dimen180
(/Users/robertoalvarez/Library/TinyTeX/texmf-dist/tex/generic/bitset/bitset.sty
Package: bitset 2019/12/09 v1.3 Handle bit-vector datatype (HO)
(/Users/robertoalvarez/Library/TinyTeX/texmf-dist/tex/generic/bigintcalc/bigintcalc.sty
Package: bigintcalc 2019/12/15 v1.5 Expandable calculations on big integers (HO)
))
\Fld@menulength=\count313
\Field@Width=\dimen181
\Fld@charsize=\dimen182
Package hyperref Info: Hyper figures OFF on input line 6063.
Package hyperref Info: Link nesting OFF on input line 6068.
Package hyperref Info: Hyper index ON on input line 6071.
Package hyperref Info: backreferencing OFF on input line 6078.
Package hyperref Info: Link coloring OFF on input line 6083.
Package hyperref Info: Link coloring with OCG OFF on input line 6088.
Package hyperref Info: PDF/A mode OFF on input line 6093.
(/Users/robertoalvarez/Library/TinyTeX/texmf-dist/tex/latex/base/atbegshi-ltx.sty
Package: atbegshi-ltx 2021/01/10 v1.0c Emulation of the original atbegshi
package with kernel methods
)
\Hy@abspage=\count314
\c@Item=\count315
\c@Hfootnote=\count316
)
Package hyperref Info: Driver (autodetected): hxetex.
(/Users/robertoalvarez/Library/TinyTeX/texmf-dist/tex/latex/hyperref/hxetex.def
File: hxetex.def 2024-01-20 v7.01h Hyperref driver for XeTeX
(/Users/robertoalvarez/Library/TinyTeX/texmf-dist/tex/generic/stringenc/stringenc.sty
Package: stringenc 2019/11/29 v1.12 Convert strings between diff. encodings (HO)
)
\pdfm@box=\box64
\c@Hy@AnnotLevel=\count317
\HyField@AnnotCount=\count318
\Fld@listcount=\count319
\c@bookmark@seq@number=\count320
(/Users/robertoalvarez/Library/TinyTeX/texmf-dist/tex/latex/rerunfilecheck/rerunfilecheck.sty
Package: rerunfilecheck 2022-07-10 v1.10 Rerun checks for auxiliary files (HO)
(/Users/robertoalvarez/Library/TinyTeX/texmf-dist/tex/latex/base/atveryend-ltx.sty
Package: atveryend-ltx 2020/08/19 v1.0a Emulation of the original atveryend package
with kernel methods
) (/Users/robertoalvarez/Library/TinyTeX/texmf-dist/tex/generic/uniquecounter/uniquecounter.sty
Package: uniquecounter 2019/12/15 v1.4 Provide unlimited unique counter (HO)
)
Package uniquecounter Info: New unique counter `rerunfilecheck' on input line 285.
)
\Hy@SectionHShift=\skip68
) (/Users/robertoalvarez/Library/TinyTeX/texmf-dist/tex/latex/bookmark/bkm-dvipdfm.def
File: bkm-dvipdfm.def 2023-12-10 v1.31 bookmark driver for dvipdfm (HO)
\BKM@id=\count321
)) (./bookdown-demo.aux

LaTeX Warning: Label `id' multiply defined.


LaTeX Warning: Label `id' multiply defined.

)
\openout1 = `bookdown-demo.aux'.

LaTeX Font Info:    Checking defaults for OML/cmm/m/it on input line 135.
LaTeX Font Info:    ... okay on input line 135.
LaTeX Font Info:    Checking defaults for OMS/cmsy/m/n on input line 135.
LaTeX Font Info:    ... okay on input line 135.
LaTeX Font Info:    Checking defaults for OT1/cmr/m/n on input line 135.
LaTeX Font Info:    ... okay on input line 135.
LaTeX Font Info:    Checking defaults for T1/cmr/m/n on input line 135.
LaTeX Font Info:    ... okay on input line 135.
LaTeX Font Info:    Checking defaults for TS1/cmr/m/n on input line 135.
LaTeX Font Info:    ... okay on input line 135.
LaTeX Font Info:    Checking defaults for TU/lmr/m/n on input line 135.
LaTeX Font Info:    ... okay on input line 135.
LaTeX Font Info:    Checking defaults for OMX/cmex/m/n on input line 135.
LaTeX Font Info:    ... okay on input line 135.
LaTeX Font Info:    Checking defaults for U/cmr/m/n on input line 135.
LaTeX Font Info:    ... okay on input line 135.
LaTeX Font Info:    Checking defaults for PD1/pdf/m/n on input line 135.
LaTeX Font Info:    ... okay on input line 135.
LaTeX Font Info:    Checking defaults for PU/pdf/m/n on input line 135.
LaTeX Font Info:    ... okay on input line 135.
LaTeX Font Info:    Overwriting math alphabet `\mathrm' in version `normal'
(Font)                  OT1/lmr/m/n --> TU/lmr/m/n on input line 135.
LaTeX Font Info:    Overwriting math alphabet `\mathit' in version `normal'
(Font)                  OT1/lmr/m/it --> TU/lmr/m/it on input line 135.
LaTeX Font Info:    Overwriting math alphabet `\mathbf' in version `normal'
(Font)                  OT1/lmr/bx/n --> TU/lmr/bx/n on input line 135.
LaTeX Font Info:    Overwriting math alphabet `\mathsf' in version `normal'
(Font)                  OT1/lmss/m/n --> TU/lmss/m/n on input line 135.
LaTeX Font Info:    Overwriting math alphabet `\mathsf' in version `bold'
(Font)                  OT1/lmss/bx/n --> TU/lmss/bx/n on input line 135.
LaTeX Font Info:    Overwriting math alphabet `\mathtt' in version `normal'
(Font)                  OT1/lmtt/m/n --> TU/lmtt/m/n on input line 135.
LaTeX Font Info:    Overwriting math alphabet `\mathtt' in version `bold'
(Font)                  OT1/lmtt/m/n --> TU/lmtt/bx/n on input line 135.

Package fontspec Info: latinmodern-math scale = 0.9999964596882403.


Package fontspec Info: latinmodern-math scale = 0.9999964596882403.


Package fontspec Info: latinmodern-math scale = 0.9999964596882403.


Package fontspec Info: Font family 'latinmodern-math.otf(0)' created for font
(fontspec)             'latinmodern-math.otf' with options
(fontspec)             [Scale=MatchLowercase,BoldItalicFont={},ItalicFont={},SmallCapsFont={},Script=Math,BoldFont={latinmodern-math.otf}].
(fontspec)              
(fontspec)              This font family consists of the following NFSS
(fontspec)             series/shapes:
(fontspec)              
(fontspec)             - 'normal' (m/n) with NFSS spec.:
(fontspec)             <->s*[0.9999964596882403]"[latinmodern-math.otf]/OT:script=math;language=dflt;"
(fontspec)             - 'small caps'  (m/sc) with NFSS spec.: 
(fontspec)             - 'bold' (b/n) with NFSS spec.:
(fontspec)             <->s*[0.9999964596882403]"[latinmodern-math.otf]/OT:script=math;language=dflt;"
(fontspec)             - 'bold small caps'  (b/sc) with NFSS spec.: 

LaTeX Font Info:    Font shape `TU/latinmodern-math.otf(0)/m/n' will be
(Font)              scaled to size 10.0pt on input line 135.

Package fontspec Info: latinmodern-math scale = 0.9999964596882403.


Package fontspec Info: latinmodern-math scale = 0.9999964596882403.


Package fontspec Info: latinmodern-math scale = 0.9999964596882403.


Package fontspec Info: latinmodern-math scale = 0.9999964596882403.


Package fontspec Info: latinmodern-math scale = 0.9999964596882403.


Package fontspec Info: Font family 'latinmodern-math.otf(1)' created for font
(fontspec)             'latinmodern-math.otf' with options
(fontspec)             [Scale=MatchLowercase,BoldItalicFont={},ItalicFont={},SmallCapsFont={},Script=Math,SizeFeatures={{Size=8.5-},{Size=6-8.5,Font=latinmodern-math.otf,Style=MathScript},{Size=-6,Font=latinmodern-math.otf,Style=MathScriptScript}},BoldFont={latinmodern-math.otf}].
(fontspec)              
(fontspec)              This font family consists of the following NFSS
(fontspec)             series/shapes:
(fontspec)              
(fontspec)             - 'normal' (m/n) with NFSS spec.:
(fontspec)             <8.5->s*[0.9999964596882403]"[latinmodern-math.otf]/OT:script=math;language=dflt;"<6-8.5>s*[0.9999964596882403]"[latinmodern-math.otf]/OT:script=math;language=dflt;+ssty=0;"<-6>s*[0.9999964596882403]"[latinmodern-math.otf]/OT:script=math;language=dflt;+ssty=1;"
(fontspec)             - 'small caps'  (m/sc) with NFSS spec.: 
(fontspec)             - 'bold' (b/n) with NFSS spec.:
(fontspec)             <->s*[0.9999964596882403]"[latinmodern-math.otf]/OT:script=math;language=dflt;"
(fontspec)             - 'bold small caps'  (b/sc) with NFSS spec.: 

LaTeX Font Info:    Font shape `TU/latinmodern-math.otf(1)/m/n' will be
(Font)              scaled to size 10.0pt on input line 135.
LaTeX Font Info:    Encoding `OT1' has changed to `TU' for symbol font
(Font)              `operators' in the math version `normal' on input line 135.
LaTeX Font Info:    Overwriting symbol font `operators' in version `normal'
(Font)                  OT1/lmr/m/n --> TU/latinmodern-math.otf(1)/m/n on input line 135.
LaTeX Font Info:    Encoding `OT1' has changed to `TU' for symbol font
(Font)              `operators' in the math version `bold' on input line 135.
LaTeX Font Info:    Overwriting symbol font `operators' in version `bold'
(Font)                  OT1/lmr/bx/n --> TU/latinmodern-math.otf(1)/b/n on input line 135.

Package fontspec Info: latinmodern-math scale = 0.9999964596882403.


Package fontspec Info: latinmodern-math scale = 1.000096459334209.


Package fontspec Info: latinmodern-math scale = 0.9999964596882403.


Package fontspec Info: latinmodern-math scale = 1.000096459334209.


Package fontspec Info: latinmodern-math scale = 0.9999964596882403.


Package fontspec Info: latinmodern-math scale = 1.000096459334209.


Package fontspec Info: latinmodern-math scale = 0.9999964596882403.


Package fontspec Info: latinmodern-math scale = 1.000096459334209.


Package fontspec Info: latinmodern-math scale = 0.9999964596882403.


Package fontspec Info: latinmodern-math scale = 1.000096459334209.


Package fontspec Info: Font family 'latinmodern-math.otf(2)' created for font
(fontspec)             'latinmodern-math.otf' with options
(fontspec)             [Scale=MatchLowercase,BoldItalicFont={},ItalicFont={},SmallCapsFont={},Script=Math,SizeFeatures={{Size=8.5-},{Size=6-8.5,Font=latinmodern-math.otf,Style=MathScript},{Size=-6,Font=latinmodern-math.otf,Style=MathScriptScript}},BoldFont={latinmodern-math.otf},ScaleAgain=1.0001,FontAdjustment={\fontdimen
(fontspec)             8\font =6.77pt\relax \fontdimen 9\font =3.94pt\relax
(fontspec)             \fontdimen 10\font =4.44pt\relax \fontdimen 11\font
(fontspec)             =6.86pt\relax \fontdimen 12\font =3.45pt\relax
(fontspec)             \fontdimen 13\font =3.63pt\relax \fontdimen 14\font
(fontspec)             =3.63pt\relax \fontdimen 15\font =2.89pt\relax
(fontspec)             \fontdimen 16\font =2.47pt\relax \fontdimen 17\font
(fontspec)             =2.47pt\relax \fontdimen 18\font =2.5pt\relax
(fontspec)             \fontdimen 19\font =2.0pt\relax \fontdimen 22\font
(fontspec)             =2.5pt\relax \fontdimen 20\font =0pt\relax \fontdimen
(fontspec)             21\font =0pt\relax }].
(fontspec)              
(fontspec)              This font family consists of the following NFSS
(fontspec)             series/shapes:
(fontspec)              
(fontspec)             - 'normal' (m/n) with NFSS spec.:
(fontspec)             <8.5->s*[1.000096459334209]"[latinmodern-math.otf]/OT:script=math;language=dflt;"<6-8.5>s*[1.000096459334209]"[latinmodern-math.otf]/OT:script=math;language=dflt;+ssty=0;"<-6>s*[1.000096459334209]"[latinmodern-math.otf]/OT:script=math;language=dflt;+ssty=1;"
(fontspec)             - 'small caps'  (m/sc) with NFSS spec.: 
(fontspec)             and font adjustment code:
(fontspec)             \fontdimen 8\font =6.77pt\relax \fontdimen 9\font
(fontspec)             =3.94pt\relax \fontdimen 10\font =4.44pt\relax
(fontspec)             \fontdimen 11\font =6.86pt\relax \fontdimen 12\font
(fontspec)             =3.45pt\relax \fontdimen 13\font =3.63pt\relax
(fontspec)             \fontdimen 14\font =3.63pt\relax \fontdimen 15\font
(fontspec)             =2.89pt\relax \fontdimen 16\font =2.47pt\relax
(fontspec)             \fontdimen 17\font =2.47pt\relax \fontdimen 18\font
(fontspec)             =2.5pt\relax \fontdimen 19\font =2.0pt\relax \fontdimen
(fontspec)             22\font =2.5pt\relax \fontdimen 20\font =0pt\relax
(fontspec)             \fontdimen 21\font =0pt\relax 
(fontspec)             - 'bold' (b/n) with NFSS spec.:
(fontspec)             <->s*[1.000096459334209]"[latinmodern-math.otf]/OT:script=math;language=dflt;"
(fontspec)             - 'bold small caps'  (b/sc) with NFSS spec.: 
(fontspec)             and font adjustment code:
(fontspec)             \fontdimen 8\font =6.77pt\relax \fontdimen 9\font
(fontspec)             =3.94pt\relax \fontdimen 10\font =4.44pt\relax
(fontspec)             \fontdimen 11\font =6.86pt\relax \fontdimen 12\font
(fontspec)             =3.45pt\relax \fontdimen 13\font =3.63pt\relax
(fontspec)             \fontdimen 14\font =3.63pt\relax \fontdimen 15\font
(fontspec)             =2.89pt\relax \fontdimen 16\font =2.47pt\relax
(fontspec)             \fontdimen 17\font =2.47pt\relax \fontdimen 18\font
(fontspec)             =2.5pt\relax \fontdimen 19\font =2.0pt\relax \fontdimen
(fontspec)             22\font =2.5pt\relax \fontdimen 20\font =0pt\relax
(fontspec)             \fontdimen 21\font =0pt\relax 

LaTeX Font Info:    Encoding `OMS' has changed to `TU' for symbol font
(Font)              `symbols' in the math version `normal' on input line 135.
LaTeX Font Info:    Overwriting symbol font `symbols' in version `normal'
(Font)                  OMS/lmsy/m/n --> TU/latinmodern-math.otf(2)/m/n on input line 135.
LaTeX Font Info:    Encoding `OMS' has changed to `TU' for symbol font
(Font)              `symbols' in the math version `bold' on input line 135.
LaTeX Font Info:    Overwriting symbol font `symbols' in version `bold'
(Font)                  OMS/lmsy/b/n --> TU/latinmodern-math.otf(2)/b/n on input line 135.

Package fontspec Info: latinmodern-math scale = 0.9999964596882403.


Package fontspec Info: latinmodern-math scale = 0.9998964600422715.


Package fontspec Info: latinmodern-math scale = 0.9999964596882403.


Package fontspec Info: latinmodern-math scale = 0.9998964600422715.


Package fontspec Info: latinmodern-math scale = 0.9999964596882403.


Package fontspec Info: latinmodern-math scale = 0.9998964600422715.


Package fontspec Info: latinmodern-math scale = 0.9999964596882403.


Package fontspec Info: latinmodern-math scale = 0.9998964600422715.


Package fontspec Info: latinmodern-math scale = 0.9999964596882403.


Package fontspec Info: latinmodern-math scale = 0.9998964600422715.


Package fontspec Info: Font family 'latinmodern-math.otf(3)' created for font
(fontspec)             'latinmodern-math.otf' with options
(fontspec)             [Scale=MatchLowercase,BoldItalicFont={},ItalicFont={},SmallCapsFont={},Script=Math,SizeFeatures={{Size=8.5-},{Size=6-8.5,Font=latinmodern-math.otf,Style=MathScript},{Size=-6,Font=latinmodern-math.otf,Style=MathScriptScript}},BoldFont={latinmodern-math.otf},ScaleAgain=0.9999,FontAdjustment={\fontdimen
(fontspec)             8\font =0.4pt\relax \fontdimen 9\font =2.0pt\relax
(fontspec)             \fontdimen 10\font =1.67pt\relax \fontdimen 11\font
(fontspec)             =1.11pt\relax \fontdimen 12\font =6.0pt\relax
(fontspec)             \fontdimen 13\font =0pt\relax }].
(fontspec)              
(fontspec)              This font family consists of the following NFSS
(fontspec)             series/shapes:
(fontspec)              
(fontspec)             - 'normal' (m/n) with NFSS spec.:
(fontspec)             <8.5->s*[0.9998964600422715]"[latinmodern-math.otf]/OT:script=math;language=dflt;"<6-8.5>s*[0.9998964600422715]"[latinmodern-math.otf]/OT:script=math;language=dflt;+ssty=0;"<-6>s*[0.9998964600422715]"[latinmodern-math.otf]/OT:script=math;language=dflt;+ssty=1;"
(fontspec)             - 'small caps'  (m/sc) with NFSS spec.: 
(fontspec)             and font adjustment code:
(fontspec)             \fontdimen 8\font =0.4pt\relax \fontdimen 9\font
(fontspec)             =2.0pt\relax \fontdimen 10\font =1.67pt\relax
(fontspec)             \fontdimen 11\font =1.11pt\relax \fontdimen 12\font
(fontspec)             =6.0pt\relax \fontdimen 13\font =0pt\relax 
(fontspec)             - 'bold' (b/n) with NFSS spec.:
(fontspec)             <->s*[0.9998964600422715]"[latinmodern-math.otf]/OT:script=math;language=dflt;"
(fontspec)             - 'bold small caps'  (b/sc) with NFSS spec.: 
(fontspec)             and font adjustment code:
(fontspec)             \fontdimen 8\font =0.4pt\relax \fontdimen 9\font
(fontspec)             =2.0pt\relax \fontdimen 10\font =1.67pt\relax
(fontspec)             \fontdimen 11\font =1.11pt\relax \fontdimen 12\font
(fontspec)             =6.0pt\relax \fontdimen 13\font =0pt\relax 

LaTeX Font Info:    Encoding `OMX' has changed to `TU' for symbol font
(Font)              `largesymbols' in the math version `normal' on input line 135.
LaTeX Font Info:    Overwriting symbol font `largesymbols' in version `normal'
(Font)                  OMX/lmex/m/n --> TU/latinmodern-math.otf(3)/m/n on input line 135.
LaTeX Font Info:    Encoding `OMX' has changed to `TU' for symbol font
(Font)              `largesymbols' in the math version `bold' on input line 135.
LaTeX Font Info:    Overwriting symbol font `largesymbols' in version `bold'
(Font)                  OMX/lmex/m/n --> TU/latinmodern-math.otf(3)/b/n on input line 135.
LaTeX Info: Redefining \microtypecontext on input line 135.
Package microtype Info: Applying patch `item' on input line 135.
Package microtype Info: Applying patch `toc' on input line 135.
Package microtype Info: Applying patch `eqnum' on input line 135.
Package microtype Info: Applying patch `footnote' on input line 135.
Package microtype Info: Applying patch `verbatim' on input line 135.
Package microtype Info: Character protrusion enabled (level 2).
Package microtype Info: Using protrusion set `basicmath'.
Package microtype Info: No adjustment of tracking.
Package microtype Info: No adjustment of spacing.
Package microtype Info: No adjustment of kerning.
(/Users/robertoalvarez/Library/TinyTeX/texmf-dist/tex/latex/microtype/mt-LatinModernRoman.cfg
File: mt-LatinModernRoman.cfg 2021/02/21 v1.1 microtype config. file: Latin Modern Roman (RS)
)
Package hyperref Info: Link coloring OFF on input line 135.
LaTeX Font Info:    Font shape `TU/latinmodern-math.otf(1)/m/n' will be
(Font)              scaled to size 12.0pt on input line 137.
LaTeX Font Info:    Font shape `TU/latinmodern-math.otf(1)/m/n' will be
(Font)              scaled to size 8.0pt on input line 137.
LaTeX Font Info:    Font shape `TU/latinmodern-math.otf(1)/m/n' will be
(Font)              scaled to size 6.0pt on input line 137.
LaTeX Font Info:    Trying to load font information for OML+lmm on input line 137.
(/Users/robertoalvarez/Library/TinyTeX/texmf-dist/tex/latex/lm/omllmm.fd
File: omllmm.fd 2015/05/01 v1.6.1 Font defs for Latin Modern
)
LaTeX Font Info:    Font shape `TU/latinmodern-math.otf(2)/m/n' will be
(Font)              scaled to size 12.0011pt on input line 137.
LaTeX Font Info:    Font shape `TU/latinmodern-math.otf(2)/m/n' will be
(Font)              scaled to size 8.00073pt on input line 137.
LaTeX Font Info:    Font shape `TU/latinmodern-math.otf(2)/m/n' will be
(Font)              scaled to size 6.00055pt on input line 137.
LaTeX Font Info:    Font shape `TU/latinmodern-math.otf(3)/m/n' will be
(Font)              scaled to size 11.99872pt on input line 137.
LaTeX Font Info:    Font shape `TU/latinmodern-math.otf(3)/m/n' will be
(Font)              scaled to size 7.99915pt on input line 137.
LaTeX Font Info:    Font shape `TU/latinmodern-math.otf(3)/m/n' will be
(Font)              scaled to size 5.99936pt on input line 137.
LaTeX Font Info:    Trying to load font information for U+msa on input line 137.
(/Users/robertoalvarez/Library/TinyTeX/texmf-dist/tex/latex/amsfonts/umsa.fd
File: umsa.fd 2013/01/14 v3.01 AMS symbols A
) (/Users/robertoalvarez/Library/TinyTeX/texmf-dist/tex/latex/microtype/mt-msa.cfg
File: mt-msa.cfg 2006/02/04 v1.1 microtype config. file: AMS symbols (a) (RS)
)
LaTeX Font Info:    Trying to load font information for U+msb on input line 137.
(/Users/robertoalvarez/Library/TinyTeX/texmf-dist/tex/latex/amsfonts/umsb.fd
File: umsb.fd 2013/01/14 v3.01 AMS symbols B
) (/Users/robertoalvarez/Library/TinyTeX/texmf-dist/tex/latex/microtype/mt-msb.cfg
File: mt-msb.cfg 2005/06/01 v1.0 microtype config. file: AMS symbols (b) (RS)
) [1


] [2

] (./bookdown-demo.toc
LaTeX Font Info:    Font shape `TU/latinmodern-math.otf(1)/m/n' will be
(Font)              scaled to size 7.0pt on input line 2.
LaTeX Font Info:    Font shape `TU/latinmodern-math.otf(1)/m/n' will be
(Font)              scaled to size 5.0pt on input line 2.
LaTeX Font Info:    Font shape `TU/latinmodern-math.otf(2)/m/n' will be
(Font)              scaled to size 10.00092pt on input line 2.
LaTeX Font Info:    Font shape `TU/latinmodern-math.otf(2)/m/n' will be
(Font)              scaled to size 7.00064pt on input line 2.
LaTeX Font Info:    Font shape `TU/latinmodern-math.otf(2)/m/n' will be
(Font)              scaled to size 5.00046pt on input line 2.
LaTeX Font Info:    Font shape `TU/latinmodern-math.otf(3)/m/n' will be
(Font)              scaled to size 9.99893pt on input line 2.
LaTeX Font Info:    Font shape `TU/latinmodern-math.otf(3)/m/n' will be
(Font)              scaled to size 6.99925pt on input line 2.
LaTeX Font Info:    Font shape `TU/latinmodern-math.otf(3)/m/n' will be
(Font)              scaled to size 4.99947pt on input line 2.
[3]
LaTeX Font Info:    Font shape `TU/lmtt/bx/n' in size <10> not available
(Font)              Font shape `TU/lmtt/b/n' tried instead on input line 97.
)
\tf@toc=\write4
\openout4 = `bookdown-demo.toc'.

[4]
Capítulo 1.
[5

] [6] [7] [8]
Overfull \hbox (12.0pt too wide) in paragraph at lines 351--351
[]\TU/lmtt/m/n/10 ##  [97] "stat_mean"                   "stat_overlay_normal_density"[] 
 []

[9]
Overfull \hbox (48.75pt too wide) in paragraph at lines 386--386
[]\TU/lmtt/m/n/10 ## > ## Here is some code which illustrates some of the differences between[] 
 []


Overfull \hbox (75.0pt too wide) in paragraph at lines 386--386
[]\TU/lmtt/m/n/10 ## > ## R and S graphics capabilities.  Note that colors are generally specified[] 
 []


Overfull \hbox (85.5pt too wide) in paragraph at lines 386--386
[]\TU/lmtt/m/n/10 ## > ## by a character string name (taken from the X11 rgb.txt file) and that line[] 
 []


Overfull \hbox (59.25pt too wide) in paragraph at lines 386--386
[]\TU/lmtt/m/n/10 ## > ## textures are given similarly.  The parameter "bg" sets the background[] 
 []


Overfull \hbox (59.25pt too wide) in paragraph at lines 386--386
[]\TU/lmtt/m/n/10 ## > ## parameter for the plot and there is also an "fg" parameter which sets[] 
 []

File: bookdown-demo_files/figure-latex/unnamed-chunk-5-1.pdf Graphic file (type pdf)
<use bookdown-demo_files/figure-latex/unnamed-chunk-5-1.pdf>

Underfull \vbox (badness 10000) has occurred while \output is active []

[10]
Overfull \hbox (22.5pt too wide) in paragraph at lines 413--413
[]\TU/lmtt/m/n/10 ## +       cex.main = 1.2, cex.lab = 1.0, font.main = 4, font.lab = 3)[] 
 []


Overfull \hbox (54.0pt too wide) in paragraph at lines 413--413
[]\TU/lmtt/m/n/10 ## > ## A little color wheel.    This code just plots equally spaced hues in[] 
 []


Overfull \hbox (48.75pt too wide) in paragraph at lines 413--413
[]\TU/lmtt/m/n/10 ## > ## a pie chart.    If you have a cheap SVGA monitor (like me) you will[] 
 []


Overfull \hbox (33.0pt too wide) in paragraph at lines 413--413
[]\TU/lmtt/m/n/10 ## > ## probably find that numerically equispaced does not mean visually[] 
 []


Overfull \hbox (48.75pt too wide) in paragraph at lines 413--413
[]\TU/lmtt/m/n/10 ## > ## equispaced.  On my display at home, these colors tend to cluster at[] 
 []


Overfull \hbox (38.25pt too wide) in paragraph at lines 413--413
[]\TU/lmtt/m/n/10 ## > ## the RGB primaries.  On the other hand on the SGI Indy at work the[] 
 []

File: bookdown-demo_files/figure-latex/unnamed-chunk-5-2.pdf Graphic file (type pdf)
<use bookdown-demo_files/figure-latex/unnamed-chunk-5-2.pdf>

Underfull \vbox (badness 10000) has occurred while \output is active []

[11]
Overfull \hbox (33.0pt too wide) in paragraph at lines 434--434
[]\TU/lmtt/m/n/10 ## > title(main = "A Sample Color Wheel", cex.main = 1.4, font.main = 3)[] 
 []


Overfull \hbox (75.0pt too wide) in paragraph at lines 434--434
[]\TU/lmtt/m/n/10 ## > ## We have already confessed to having these.  This is just showing off X11[] 
 []


Overfull \hbox (90.75pt too wide) in paragraph at lines 434--434
[]\TU/lmtt/m/n/10 ## > ## color names (and the example (from the postscript manual) is pretty "cute".[] 
 []


Overfull \hbox (12.0pt too wide) in paragraph at lines 434--434
[]\TU/lmtt/m/n/10 ## +              "Apple", "Boston Cream", "Other", "Vanilla Cream")[] 
 []


Overfull \hbox (48.75pt too wide) in paragraph at lines 434--434
[]\TU/lmtt/m/n/10 ## +     col = c("purple","violetred1","green3","cornsilk","cyan","white"))[] 
 []

File: bookdown-demo_files/figure-latex/unnamed-chunk-5-3.pdf Graphic file (type pdf)
<use bookdown-demo_files/figure-latex/unnamed-chunk-5-3.pdf>

Underfull \vbox (badness 10000) has occurred while \output is active []

[12]
Overfull \hbox (17.25pt too wide) in paragraph at lines 457--457
[]\TU/lmtt/m/n/10 ## > title(main = "January Pie Sales", cex.main = 1.8, font.main = 1)[] 
 []


Overfull \hbox (69.75pt too wide) in paragraph at lines 457--457
[]\TU/lmtt/m/n/10 ## > title(xlab = "(Don[]t try this at home kids)", cex.lab = 0.8, font.lab = 3)[] 
 []


Overfull \hbox (43.5pt too wide) in paragraph at lines 457--457
[]\TU/lmtt/m/n/10 ## > ## Boxplots:  I couldn[]t resist the capability for filling the "box".[] 
 []


Overfull \hbox (48.75pt too wide) in paragraph at lines 457--457
[]\TU/lmtt/m/n/10 ## > ## The use of color seems like a useful addition, it focuses attention[] 
 []

File: bookdown-demo_files/figure-latex/unnamed-chunk-5-4.pdf Graphic file (type pdf)
<use bookdown-demo_files/figure-latex/unnamed-chunk-5-4.pdf>

Underfull \vbox (badness 10000) has occurred while \output is active []

[13]
Overfull \hbox (43.5pt too wide) in paragraph at lines 480--480
[]\TU/lmtt/m/n/10 ## > title(main="Notched Boxplots", xlab="Group", font.main=4, font.lab=1)[] 
 []

File: bookdown-demo_files/figure-latex/unnamed-chunk-5-5.pdf Graphic file (type pdf)
<use bookdown-demo_files/figure-latex/unnamed-chunk-5-5.pdf>

Underfull \vbox (badness 10000) has occurred while \output is active []

[14]
Overfull \hbox (43.5pt too wide) in paragraph at lines 500--500
[]\TU/lmtt/m/n/10 ## > ## Colored plot margins, axis labels and titles.    You do need to be[] 
 []


Overfull \hbox (43.5pt too wide) in paragraph at lines 500--500
[]\TU/lmtt/m/n/10 ## > ## careful with these kinds of effects.    It[]s easy to go completely[] 
 []


Overfull \hbox (64.5pt too wide) in paragraph at lines 500--500
[]\TU/lmtt/m/n/10 ## > ## over the top and you can end up with your lunch all over the keyboard.[] 
 []


Overfull \hbox (90.75pt too wide) in paragraph at lines 500--500
[]\TU/lmtt/m/n/10 ## > x <- c(0.00, 0.40, 0.86, 0.85, 0.69, 0.48, 0.54, 1.09, 1.11, 1.73, 2.05, 2.02)[] 
 []

File: bookdown-demo_files/figure-latex/unnamed-chunk-5-6.pdf Graphic file (type pdf)
<use bookdown-demo_files/figure-latex/unnamed-chunk-5-6.pdf>

Underfull \vbox (badness 10000) has occurred while \output is active []

[15]
Overfull \hbox (38.25pt too wide) in paragraph at lines 532--532
[]\TU/lmtt/m/n/10 ## > rect(usr[1], usr[3], usr[2], usr[4], col="cornsilk", border="black")[] 
 []


Overfull \hbox (48.75pt too wide) in paragraph at lines 532--532
[]\TU/lmtt/m/n/10 ## > title(main= "The Level of Interest in R", font.main=4, col.main="red")[] 
 []


Overfull \hbox (27.75pt too wide) in paragraph at lines 532--532
[]\TU/lmtt/m/n/10 ## > ## A filled histogram, showing how to change the font used for the[] 
 []


Underfull \vbox (badness 1708) has occurred while \output is active []

[16]
File: bookdown-demo_files/figure-latex/unnamed-chunk-5-7.pdf Graphic file (type pdf)
<use bookdown-demo_files/figure-latex/unnamed-chunk-5-7.pdf>

Overfull \hbox (59.25pt too wide) in paragraph at lines 544--544
[]\TU/lmtt/m/n/10 ## > pairs(iris[1:4], main="Edgar Anderson[]s Iris Data", font.main=4, pch=19)[] 
 []

File: bookdown-demo_files/figure-latex/unnamed-chunk-5-8.pdf Graphic file (type pdf)
<use bookdown-demo_files/figure-latex/unnamed-chunk-5-8.pdf>

Underfull \vbox (badness 10000) has occurred while \output is active []

[17]
Overfull \hbox (1.5pt too wide) in paragraph at lines 552--552
[]\TU/lmtt/m/n/10 ## +       bg = c("red", "green3", "blue")[unclass(iris$Species)])[] 
 []

File: bookdown-demo_files/figure-latex/unnamed-chunk-5-9.pdf Graphic file (type pdf)
<use bookdown-demo_files/figure-latex/unnamed-chunk-5-9.pdf>
[18]
Overfull \hbox (90.75pt too wide) in paragraph at lines 588--588
[]\TU/lmtt/m/n/10 ## > ## This produces a topographic map of one of Auckland[]s many volcanic "peaks".[] 
 []


Overfull \hbox (17.25pt too wide) in paragraph at lines 588--588
[]\TU/lmtt/m/n/10 ## +      xlim = range(x)+c(-1,1)*xadd, ylim = range(y)+c(-1,1)*yadd,[] 
 []

File: bookdown-demo_files/figure-latex/unnamed-chunk-5-10.pdf Graphic file (type pdf)
<use bookdown-demo_files/figure-latex/unnamed-chunk-5-10.pdf>

Underfull \vbox (badness 10000) has occurred while \output is active []

[19]
Overfull \hbox (64.5pt too wide) in paragraph at lines 614--614
[]\TU/lmtt/m/n/10 ## > contour(x, y, volcano, levels = lev, col="yellow", lty="solid", add=TRUE)[] 
 []


Overfull \hbox (22.5pt too wide) in paragraph at lines 614--614
[]\TU/lmtt/m/n/10 ## > mtext("10 Meter Contour Spacing", side=3, line=0.35, outer=FALSE,[] 
 []


Overfull \hbox (27.75pt too wide) in paragraph at lines 614--614
[]\TU/lmtt/m/n/10 ## > coplot(lat ~ long | depth, data = quakes, pch = 21, bg = "green3")[] 
 []

File: bookdown-demo_files/figure-latex/unnamed-chunk-5-11.pdf Graphic file (type pdf)
<use bookdown-demo_files/figure-latex/unnamed-chunk-5-11.pdf>

Underfull \vbox (badness 10000) has occurred while \output is active []

[20]
Underfull \vbox (badness 2538) has occurred while \output is active []

[21] [22]
File: bookdown-demo_files/figure-latex/unnamed-chunk-11-1.pdf Graphic file (type pdf)
<use bookdown-demo_files/figure-latex/unnamed-chunk-11-1.pdf>
File: bookdown-demo_files/figure-latex/unnamed-chunk-11-2.pdf Graphic file (type pdf)
<use bookdown-demo_files/figure-latex/unnamed-chunk-11-2.pdf>

Underfull \vbox (badness 1215) has occurred while \output is active []

[23]
Overfull \hbox (96.0pt too wide) in paragraph at lines 749--749
[]\TU/lmtt/m/n/10 ## hclust> ## Do the same with centroid clustering and *squared* Euclidean distance,[] 
 []


Overfull \hbox (85.5pt too wide) in paragraph at lines 749--749
[]\TU/lmtt/m/n/10 ## hclust> ## cut the tree into ten clusters and reconstruct the upper part of the[] 
 []


Overfull \hbox (75.0pt too wide) in paragraph at lines 749--749
[]\TU/lmtt/m/n/10 ## hclust+   cent <- rbind(cent, colMeans(USArrests[memb == k, , drop = FALSE]))[] 
 []


Overfull \hbox (59.25pt too wide) in paragraph at lines 749--749
[]\TU/lmtt/m/n/10 ## hclust> hc1 <- hclust(dist(cent)^2, method = "cen", members = table(memb))[] 
 []


Overfull \hbox (27.75pt too wide) in paragraph at lines 749--749
[]\TU/lmtt/m/n/10 ## hclust> plot(hc,  labels = FALSE, hang = -1, main = "Original Tree")[] 
 []


Overfull \hbox (90.75pt too wide) in paragraph at lines 754--754
[]\TU/lmtt/m/n/10 ## hclust> plot(hc1, labels = FALSE, hang = -1, main = "Re-start from 10 clusters")[] 
 []

File: bookdown-demo_files/figure-latex/unnamed-chunk-11-3.pdf Graphic file (type pdf)
<use bookdown-demo_files/figure-latex/unnamed-chunk-11-3.pdf>

Overfull \hbox (12.0pt too wide) in paragraph at lines 768--768
[]\TU/lmtt/m/n/10 ## hclust> ### Example 2: Straight-line distances among 10 US cities[] 
 []

[24]
Overfull \hbox (27.75pt too wide) in paragraph at lines 768--768
[]\TU/lmtt/m/n/10 ## hclust> ##  Compare the results of algorithms "ward.D" and "ward.D2"[] 
 []

File: bookdown-demo_files/figure-latex/unnamed-chunk-11-4.pdf Graphic file (type pdf)
<use bookdown-demo_files/figure-latex/unnamed-chunk-11-4.pdf>
File: bookdown-demo_files/figure-latex/unnamed-chunk-11-5.pdf Graphic file (type pdf)
<use bookdown-demo_files/figure-latex/unnamed-chunk-11-5.pdf>

Underfull \vbox (badness 10000) has occurred while \output is active []

[25]
Overfull \hbox (17.25pt too wide) in paragraph at lines 818--818
[]\TU/lmtt/m/n/10 ##  [1] ".rs.markdown.resolveCompletionRoot" ".rs.resolveAliasedPath"[] 
 []


Overfull \hbox (48.75pt too wide) in paragraph at lines 818--818
[]\TU/lmtt/m/n/10 ##  [3] ".rs.resolveAliasedSymbol"           ".rs.resolveContextSourceRefs"[] 
 []


Overfull \hbox (69.75pt too wide) in paragraph at lines 818--818
[]\TU/lmtt/m/n/10 ##  [7] ".rs.resolveFormalsImpl"             ".rs.resolveFormalsImplS3Dispatch"[] 
 []


Overfull \hbox (22.5pt too wide) in paragraph at lines 818--818
[]\TU/lmtt/m/n/10 ##  [9] ".rs.resolveObjectFromFunctionCall"  ".rs.resolveObjectSource"[] 
 []


Overfull \hbox (48.75pt too wide) in paragraph at lines 818--818
[]\TU/lmtt/m/n/10 ## [11] ".rs.reticulate.resolveModule"       ".rs.rnb.resolveActiveChunkId"[] 
 []


Underfull \vbox (badness 1019) has occurred while \output is active []

[26] [27] [28

]
Capítulo 2.

Overfull \hbox (33.0pt too wide) in paragraph at lines 851--851
[]\TU/lmtt/m/n/10 ##  [1] -2.652837378 -0.003663205  0.597378420 -0.966756010  0.407832620[] 
 []


Overfull \hbox (33.0pt too wide) in paragraph at lines 851--851
[]\TU/lmtt/m/n/10 ##  [6] -1.250962495 -0.689473971 -0.142457724 -0.497869704 -1.169579164[] 
 []


Overfull \hbox (33.0pt too wide) in paragraph at lines 862--862
[]\TU/lmtt/m/n/10 ##  [1] -0.005640625 -1.494132233  0.899282724 -0.789193117 -0.434212592[] 
 []


Overfull \hbox (33.0pt too wide) in paragraph at lines 862--862
[]\TU/lmtt/m/n/10 ##  [6]  0.487487192 -1.477660711  0.598838851 -0.304276279  1.291852085[] 
 []


Overfull \hbox (38.25pt too wide) in paragraph at lines 883--883
[]\TU/lmtt/m/n/10 ##  [1] -0.2881803  1.0140813 -2.0972339 -0.9367575  0.8478683  0.7319288[] 
 []

File: equals-sign-assignment-operator-imgflip-com-going-through-data-structures-and-47188178.png Graphic file (type bmp)
<equals-sign-assignment-operator-imgflip-com-going-through-data-structures-and-47188178.png>
[29] [30] [31]
Overfull \hbox (117.0pt too wide) in paragraph at lines 992--992
[]\TU/lmtt/m/n/10 ## [1] "/Users/robertoalvarez/Documents/GitHub/Bravo_Garcia_Maria_Fernanda_Bioinfo_2024"[] 
 []


Overfull \hbox (17.03pt too wide) in paragraph at lines 994--995
[]\TU/lmr/m/n/10 Para cambiar de directorio utilizamos \TU/lmtt/m/n/10 setwd("direccion_a_la_que_quieres_ir") 
 []

[32] [33] [34] [35] [36

]
Capítulo 3.
[37]
Overfull \hbox (75.0pt too wide) in paragraph at lines 1366--1366
[]\TU/lmtt/m/n/10 ##   [1]   1   2   3   4   5   6   7   8   9  10  11  12  13  14  15  16  17  18[] 
 []


Overfull \hbox (75.0pt too wide) in paragraph at lines 1366--1366
[]\TU/lmtt/m/n/10 ##  [19]  19  20  21  22  23  24  25  26  27  28  29  30  31  32  33  34  35  36[] 
 []


Overfull \hbox (75.0pt too wide) in paragraph at lines 1366--1366
[]\TU/lmtt/m/n/10 ##  [37]  37  38  39  40  41  42  43  44  45  46  47  48  49  50  51  52  53  54[] 
 []


Overfull \hbox (75.0pt too wide) in paragraph at lines 1366--1366
[]\TU/lmtt/m/n/10 ##  [55]  55  56  57  58  59  60  61  62  63  64  65  66  67  68  69  70  71  72[] 
 []


Overfull \hbox (75.0pt too wide) in paragraph at lines 1366--1366
[]\TU/lmtt/m/n/10 ##  [73]  73  74  75  76  77  78  79  80  81  82  83  84  85  86  87  88  89  90[] 
 []

[38]
Overfull \hbox (75.0pt too wide) in paragraph at lines 1389--1389
[]\TU/lmtt/m/n/10 ##   [1]   1   2   3   4   5   6   7   8   9  10  11  12  13  14  15  16  17  18[] 
 []


Overfull \hbox (75.0pt too wide) in paragraph at lines 1389--1389
[]\TU/lmtt/m/n/10 ##  [19]  19  20  21  22  23  24  25  26  27  28  29  30  31  32  33  34  35  36[] 
 []


Overfull \hbox (75.0pt too wide) in paragraph at lines 1389--1389
[]\TU/lmtt/m/n/10 ##  [37]  37  38  39  40  41  42  43  44  45  46  47  48  49  50  51  52  53  54[] 
 []


Overfull \hbox (75.0pt too wide) in paragraph at lines 1389--1389
[]\TU/lmtt/m/n/10 ##  [55]  55  56  57  58  59  60  61  62  63  64  65  66  67  68  69  70  71  72[] 
 []


Overfull \hbox (75.0pt too wide) in paragraph at lines 1389--1389
[]\TU/lmtt/m/n/10 ##  [73]  73  74  75  76  77  78  79  80  81  82  83  84  85  86  87  88  89  90[] 
 []


Overfull \hbox (6.75pt too wide) in paragraph at lines 1406--1406
[]\TU/lmtt/m/n/10 ##  [1] -12  -9  -6  -3   0   3   6   9  12  15  18  21  24  27  30[] 
 []

[39] [40] [41]
Overfull \hbox (69.75pt too wide) in paragraph at lines 1686--1686
[]\TU/lmtt/m/n/10 ##  [1]  1  2  3  5  7 11  1  2  3  5  7 11  1  2  3  5  7 11  1  2  3  5  7 11[] 
 []

[42]
LaTeX Font Info:    Font shape `TU/lmtt/bx/n' in size <14.4> not available
(Font)              Font shape `TU/lmtt/b/n' tried instead on input line 1705.
[43] [44] [45] [46]
File: bookdown-demo_files/figure-latex/unnamed-chunk-76-1.pdf Graphic file (type pdf)
<use bookdown-demo_files/figure-latex/unnamed-chunk-76-1.pdf>
File: bookdown-demo_files/figure-latex/unnamed-chunk-76-2.pdf Graphic file (type pdf)
<use bookdown-demo_files/figure-latex/unnamed-chunk-76-2.pdf>

Underfull \vbox (badness 10000) has occurred while \output is active []

[47]
File: bookdown-demo_files/figure-latex/unnamed-chunk-76-3.pdf Graphic file (type pdf)
<use bookdown-demo_files/figure-latex/unnamed-chunk-76-3.pdf>

Underfull \vbox (badness 10000) has occurred while \output is active []

[48] [49]
Underfull \hbox (badness 1147) in paragraph at lines 2217--2219
[]\TU/lmr/bx/n/10 RECUERDA \TU/lmr/m/n/10 Se pueden seleccionar elementos de un vector utilizando
 []

[50] [51]
LaTeX Font Info:    Font shape `TU/lmtt/bx/n' in size <12> not available
(Font)              Font shape `TU/lmtt/b/n' tried instead on input line 2430.
[52] [53] [54]
Overfull \hbox (69.75pt too wide) in paragraph at lines 2651--2651
[]\TU/lmtt/m/n/10 ##  [1] "March"     "April"     "January"   "November"  "January"   "September"[] 
 []


Overfull \hbox (64.5pt too wide) in paragraph at lines 2651--2651
[]\TU/lmtt/m/n/10 ##  [7] "October"   "September" "November"  "August"    "January"   "November"[] 
 []


Overfull \hbox (64.5pt too wide) in paragraph at lines 2651--2651
[]\TU/lmtt/m/n/10 ## [13] "November"  "February"  "May"       "August"    "July"      "December"[] 
 []


Overfull \hbox (48.75pt too wide) in paragraph at lines 2651--2651
[]\TU/lmtt/m/n/10 ## [19] "August"    "August"    "September" "November"  "February"  "April"[] 
 []


Overfull \hbox (48.75pt too wide) in paragraph at lines 2666--2666
[]\TU/lmtt/m/n/10 ##  [1] March     April     January   November  January   September October[] 
 []


Overfull \hbox (54.0pt too wide) in paragraph at lines 2666--2666
[]\TU/lmtt/m/n/10 ##  [8] September November  August    January   November  November  February[] 
 []


Overfull \hbox (59.25pt too wide) in paragraph at lines 2666--2666
[]\TU/lmtt/m/n/10 ## [15] May       August    July      December  August    August    September[] 
 []


Overfull \hbox (80.25pt too wide) in paragraph at lines 2666--2666
[]\TU/lmtt/m/n/10 ## 11 Levels: April August December February January July March May ... September[] 
 []


Overfull \hbox (33.0pt too wide) in paragraph at lines 2682--2682
[]\TU/lmtt/m/n/10 ##     April    August  December  February   January      July     March[] 
 []


Overfull \hbox (33.0pt too wide) in paragraph at lines 2682--2682
[]\TU/lmtt/m/n/10 ##         2         4         1         2         3         1         1[] 
 []


Overfull \hbox (43.5pt too wide) in paragraph at lines 2693--2693
[]\TU/lmtt/m/n/10 ##  [1] "April"     "August"    "December"  "February"  "January"   "July"[] 
 []


Overfull \hbox (6.75pt too wide) in paragraph at lines 2693--2693
[]\TU/lmtt/m/n/10 ##  [7] "March"     "May"       "November"  "October"   "September"[] 
 []


Overfull \hbox (43.5pt too wide) in paragraph at lines 2715--2715
[]\TU/lmtt/m/n/10 ##  [1] "Abril"     "August"    "December"  "February"  "January"   "July"[] 
 []


Overfull \hbox (6.75pt too wide) in paragraph at lines 2715--2715
[]\TU/lmtt/m/n/10 ##  [7] "March"     "May"       "November"  "October"   "September"[] 
 []

[55]
Overfull \hbox (48.75pt too wide) in paragraph at lines 2729--2729
[]\TU/lmtt/m/n/10 ##  [1] March     Abril     January   November  January   September October[] 
 []


Overfull \hbox (54.0pt too wide) in paragraph at lines 2729--2729
[]\TU/lmtt/m/n/10 ##  [8] September November  August    January   November  November  February[] 
 []


Overfull \hbox (59.25pt too wide) in paragraph at lines 2729--2729
[]\TU/lmtt/m/n/10 ## [15] May       August    July      December  August    August    September[] 
 []


Overfull \hbox (80.25pt too wide) in paragraph at lines 2729--2729
[]\TU/lmtt/m/n/10 ## 11 Levels: Abril August December February January July March May ... September[] 
 []

[56] [57] [58] [59] [60

]
Capítulo 4.
[61]
File: Escalar_Vector_Matriz.jpeg Graphic file (type bmp)
<Escalar_Vector_Matriz.jpeg>

Underfull \hbox (badness 10000) in paragraph at lines 3152--3154
[][]
 []

[62] [63]
Underfull \hbox (badness 1320) in paragraph at lines 3242--3242
[]\TU/lmr/bx/n/14.4 Uso de cbind() para unir matrices por
 []


Underfull \vbox (badness 1694) has occurred while \output is active []

[64] [65] [66] [67] [68] [69] [70

]
Capítulo 5.
[71] [72]
Underfull \hbox (badness 1939) in paragraph at lines 3816--3817
[]\TU/lmr/m/n/10 Esto crearía una nueva columna llamada “temperatura_melting” en el
 []


Overfull \hbox (65.96902pt too wide) has occurred while \output is active
\TU/lmr/m/sl/10 5.3.  AGREGAR Y ELIMINAR RENGLONES Y COLUMNAS EN UN DATAFRAME EN R \TU/lmr/m/n/10 73
 []

[73] [74] [75] [76

]
Capítulo 6.
[77] [78] [79] [80] [81] [82

]
Capítulo 7.
File: If_R.001.jpeg Graphic file (type bmp)
<If_R.001.jpeg>

LaTeX Font Warning: Font shape `TU/lmtt/bx/it' in size <10> not available
(Font)              Font shape `TU/lmtt/b/sl' tried instead on input line 4290.

[83] [84] [85] [86] [87]
File: If_else.001.jpeg Graphic file (type bmp)
<If_else.001.jpeg>
[88] [89]
File: If_else_else_if.001.jpeg Graphic file (type bmp)
<If_else_else_if.001.jpeg>
[90] [91] [92] [93] [94

]
Capítulo 8.
LaTeX Font Info:    Font shape `TU/lmtt/bx/n' in size <24.88> not available
(Font)              Font shape `TU/lmtt/b/n' tried instead on input line 4720.
[95] [96]
Underfull \hbox (badness 1270) in paragraph at lines 4857--4857
[]\TU/lmr/bx/n/12 Llamar a la función saludar proporcionando el
 []

[97] [98]
Overfull \hbox (22.97011pt too wide) has occurred while \output is active
\TU/lmr/m/sl/10 8.6.  DEFINIR UNA FUNCIÓN PARA VERIFICAR SI UN NÚMERO ES PRIMO \TU/lmr/m/n/10 99
 []

[99] [100]
Overfull \hbox (27.97011pt too wide) has occurred while \output is active
\TU/lmr/m/sl/10 8.6.  DEFINIR UNA FUNCIÓN PARA VERIFICAR SI UN NÚMERO ES PRIMO \TU/lmr/m/n/10 101
 []

[101] [102

]
Capítulo 9.

Underfull \vbox (badness 6032) has occurred while \output is active []

[103] [104]
File: bookdown-demo_files/figure-latex/unnamed-chunk-176-1.pdf Graphic file (type pdf)
<use bookdown-demo_files/figure-latex/unnamed-chunk-176-1.pdf>
[105]
File: bookdown-demo_files/figure-latex/unnamed-chunk-177-1.pdf Graphic file (type pdf)
<use bookdown-demo_files/figure-latex/unnamed-chunk-177-1.pdf>

Underfull \hbox (badness 10000) in paragraph at lines 5223--5225
[][]
 []

File: bookdown-demo_files/figure-latex/unnamed-chunk-178-1.pdf Graphic file (type pdf)
<use bookdown-demo_files/figure-latex/unnamed-chunk-178-1.pdf>
[106]
File: bookdown-demo_files/figure-latex/unnamed-chunk-179-1.pdf Graphic file (type pdf)
<use bookdown-demo_files/figure-latex/unnamed-chunk-179-1.pdf>

Underfull \vbox (badness 10000) has occurred while \output is active []

[107]
File: bookdown-demo_files/figure-latex/unnamed-chunk-180-1.pdf Graphic file (type pdf)
<use bookdown-demo_files/figure-latex/unnamed-chunk-180-1.pdf>

Underfull \vbox (badness 10000) has occurred while \output is active []

[108]
File: bookdown-demo_files/figure-latex/unnamed-chunk-181-1.pdf Graphic file (type pdf)
<use bookdown-demo_files/figure-latex/unnamed-chunk-181-1.pdf>

Underfull \vbox (badness 10000) has occurred while \output is active []

[109]
Overfull \hbox (106.5pt too wide) in paragraph at lines 5317--5317
[]\TU/lmtt/m/n/10 ## Warning: Removed 2 rows containing missing values or values outside the scale range[] 
 []

File: bookdown-demo_files/figure-latex/unnamed-chunk-183-1.pdf Graphic file (type pdf)
<use bookdown-demo_files/figure-latex/unnamed-chunk-183-1.pdf>

Underfull \vbox (badness 10000) has occurred while \output is active []

[110]
Overfull \hbox (106.5pt too wide) in paragraph at lines 5335--5335
[]\TU/lmtt/m/n/10 ## Warning: Removed 2 rows containing missing values or values outside the scale range[] 
 []

File: bookdown-demo_files/figure-latex/unnamed-chunk-184-1.pdf Graphic file (type pdf)
<use bookdown-demo_files/figure-latex/unnamed-chunk-184-1.pdf>

Underfull \vbox (badness 10000) has occurred while \output is active []

[111]
Overfull \hbox (33.0pt too wide) in paragraph at lines 5353--5353
[]\TU/lmtt/m/n/10 ## Warning: Removed 2 rows containing non-finite outside the scale range[] 
 []

File: bookdown-demo_files/figure-latex/unnamed-chunk-185-1.pdf Graphic file (type pdf)
<use bookdown-demo_files/figure-latex/unnamed-chunk-185-1.pdf>

Underfull \vbox (badness 10000) has occurred while \output is active []

[112]
Overfull \hbox (33.0pt too wide) in paragraph at lines 5374--5374
[]\TU/lmtt/m/n/10 ## Warning: Removed 2 rows containing non-finite outside the scale range[] 
 []

File: bookdown-demo_files/figure-latex/unnamed-chunk-186-1.pdf Graphic file (type pdf)
<use bookdown-demo_files/figure-latex/unnamed-chunk-186-1.pdf>

Underfull \vbox (badness 10000) has occurred while \output is active []

[113]
Overfull \hbox (33.0pt too wide) in paragraph at lines 5392--5392
[]\TU/lmtt/m/n/10 ## Warning: Removed 2 rows containing non-finite outside the scale range[] 
 []

File: bookdown-demo_files/figure-latex/unnamed-chunk-187-1.pdf Graphic file (type pdf)
<use bookdown-demo_files/figure-latex/unnamed-chunk-187-1.pdf>

Underfull \vbox (badness 10000) has occurred while \output is active []

[114]
Overfull \hbox (106.5pt too wide) in paragraph at lines 5411--5411
[]\TU/lmtt/m/n/10 ## Warning: Removed 2 rows containing missing values or values outside the scale range[] 
 []

File: bookdown-demo_files/figure-latex/unnamed-chunk-188-1.pdf Graphic file (type pdf)
<use bookdown-demo_files/figure-latex/unnamed-chunk-188-1.pdf>

Underfull \vbox (badness 10000) has occurred while \output is active []

[115]
Overfull \hbox (33.0pt too wide) in paragraph at lines 5429--5429
[]\TU/lmtt/m/n/10 ## Warning: Removed 2 rows containing non-finite outside the scale range[] 
 []

File: bookdown-demo_files/figure-latex/unnamed-chunk-189-1.pdf Graphic file (type pdf)
<use bookdown-demo_files/figure-latex/unnamed-chunk-189-1.pdf>

Underfull \vbox (badness 10000) has occurred while \output is active []

[116]
Overfull \hbox (33.0pt too wide) in paragraph at lines 5447--5447
[]\TU/lmtt/m/n/10 ## Warning: Removed 2 rows containing non-finite outside the scale range[] 
 []

File: bookdown-demo_files/figure-latex/unnamed-chunk-190-1.pdf Graphic file (type pdf)
<use bookdown-demo_files/figure-latex/unnamed-chunk-190-1.pdf>

Underfull \vbox (badness 10000) has occurred while \output is active []

[117]
Overfull \hbox (33.0pt too wide) in paragraph at lines 5466--5466
[]\TU/lmtt/m/n/10 ## Warning: Removed 2 rows containing non-finite outside the scale range[] 
 []


Overfull \hbox (106.5pt too wide) in paragraph at lines 5471--5471
[]\TU/lmtt/m/n/10 ## Warning: Removed 2 rows containing missing values or values outside the scale range[] 
 []

File: bookdown-demo_files/figure-latex/unnamed-chunk-191-1.pdf Graphic file (type pdf)
<use bookdown-demo_files/figure-latex/unnamed-chunk-191-1.pdf>

Underfull \vbox (badness 10000) has occurred while \output is active []

[118]
Overfull \hbox (33.0pt too wide) in paragraph at lines 5490--5490
[]\TU/lmtt/m/n/10 ## Warning: Removed 2 rows containing non-finite outside the scale range[] 
 []

File: bookdown-demo_files/figure-latex/unnamed-chunk-192-1.pdf Graphic file (type pdf)
<use bookdown-demo_files/figure-latex/unnamed-chunk-192-1.pdf>

Underfull \vbox (badness 10000) has occurred while \output is active []

[119]
Overfull \hbox (106.5pt too wide) in paragraph at lines 5508--5508
[]\TU/lmtt/m/n/10 ## Warning: Removed 2 rows containing missing values or values outside the scale range[] 
 []

File: bookdown-demo_files/figure-latex/unnamed-chunk-193-1.pdf Graphic file (type pdf)
<use bookdown-demo_files/figure-latex/unnamed-chunk-193-1.pdf>

Underfull \vbox (badness 10000) has occurred while \output is active []

[120]
File: bookdown-demo_files/figure-latex/unnamed-chunk-194-1.pdf Graphic file (type pdf)
<use bookdown-demo_files/figure-latex/unnamed-chunk-194-1.pdf>

Underfull \vbox (badness 10000) has occurred while \output is active []

[121]
Overfull \hbox (33.0pt too wide) in paragraph at lines 5541--5541
[]\TU/lmtt/m/n/10 ## Warning: Removed 2 rows containing non-finite outside the scale range[] 
 []


Overfull \hbox (106.5pt too wide) in paragraph at lines 5546--5546
[]\TU/lmtt/m/n/10 ## Warning: Removed 2 rows containing missing values or values outside the scale range[] 
 []

File: bookdown-demo_files/figure-latex/unnamed-chunk-195-1.pdf Graphic file (type pdf)
<use bookdown-demo_files/figure-latex/unnamed-chunk-195-1.pdf>

Underfull \vbox (badness 10000) has occurred while \output is active []

[122]
Overfull \hbox (33.0pt too wide) in paragraph at lines 5564--5564
[]\TU/lmtt/m/n/10 ## Warning: Removed 2 rows containing non-finite outside the scale range[] 
 []

File: bookdown-demo_files/figure-latex/unnamed-chunk-196-1.pdf Graphic file (type pdf)
<use bookdown-demo_files/figure-latex/unnamed-chunk-196-1.pdf>

Underfull \vbox (badness 10000) has occurred while \output is active []

[123]
Overfull \hbox (106.5pt too wide) in paragraph at lines 5583--5583
[]\TU/lmtt/m/n/10 ## Warning: Removed 2 rows containing missing values or values outside the scale range[] 
 []

File: bookdown-demo_files/figure-latex/unnamed-chunk-197-1.pdf Graphic file (type pdf)
<use bookdown-demo_files/figure-latex/unnamed-chunk-197-1.pdf>

Underfull \vbox (badness 10000) has occurred while \output is active []

[124] [125] [126]
Capítulo 10.
[127

] [128]
Overfull \hbox (19.61124pt too wide) has occurred while \output is active
\TU/lmr/m/sl/10 10.3.  COLABORACIÓN Y CONTROL DE VERSIONES CON GIT Y GITHUB \TU/lmr/m/n/10 129
 []

[129] [130

]
Capítulo 11.
No file bookdown-demo.bbl.
[131] (./bookdown-demo.aux)
 ***********
LaTeX2e <2023-11-01> patch level 1
L3 programming layer <2024-03-14>
 ***********

LaTeX Warning: There were multiply-defined labels.

 ) 
Here is how much of TeX's memory you used:
 19937 strings out of 476699
 382811 string characters out of 5799562
 1939145 words of memory out of 5000000
 41657 multiletter control sequences out of 15000+600000
 564584 words of font info for 97 fonts, out of 8000000 for 9000
 36 hyphenation exceptions out of 8191
 90i,6n,121p,1010b,619s stack positions out of 10000i,1000n,20000p,200000b,200000s

Output written on bookdown-demo.pdf (131 pages).
